<?xml version="1.0" encoding="UTF-8"?>
<testsuites>
  <testsuite name="" tests="52" assertions="69" errors="0" warnings="0" failures="0" skipped="0" time="1.344845">
    <testsuite name="CodeIgniter Application Test Suite" tests="52" assertions="69" errors="0" warnings="0" failures="0" skipped="0" time="1.344845">
      <testsuite name="Administrador_test" file="D:\Program Files\xampp\htdocs\acme\application\tests\controllers\Administrador_test.php" tests="3" assertions="3" errors="0" warnings="0" failures="0" skipped="0" time="0.043344">
        <testcase name="test_index" class="Administrador_test" classname="Administrador_test" file="D:\Program Files\xampp\htdocs\acme\application\tests\controllers\Administrador_test.php" line="13" assertions="1" time="0.016804"/>
        <testcase name="test_method_404" class="Administrador_test" classname="Administrador_test" file="D:\Program Files\xampp\htdocs\acme\application\tests\controllers\Administrador_test.php" line="19" assertions="1" time="0.017641"/>
        <testcase name="test_login_check_administrador" class="Administrador_test" classname="Administrador_test" file="D:\Program Files\xampp\htdocs\acme\application\tests\controllers\Administrador_test.php" line="25" assertions="1" time="0.008899"/>
      </testsuite>
      <testsuite name="Clientes_test" file="D:\Program Files\xampp\htdocs\acme\application\tests\controllers\Clientes_test.php" tests="3" assertions="3" errors="0" warnings="0" failures="0" skipped="0" time="0.371973">
        <testcase name="test_index" class="Clientes_test" classname="Clientes_test" file="D:\Program Files\xampp\htdocs\acme\application\tests\controllers\Clientes_test.php" line="13" assertions="1" time="0.307416"/>
        <testcase name="test_modificar" class="Clientes_test" classname="Clientes_test" file="D:\Program Files\xampp\htdocs\acme\application\tests\controllers\Clientes_test.php" line="19" assertions="1" time="0.047464"/>
        <testcase name="test_method_404" class="Clientes_test" classname="Clientes_test" file="D:\Program Files\xampp\htdocs\acme\application\tests\controllers\Clientes_test.php" line="25" assertions="1" time="0.017093"/>
      </testsuite>
      <testsuite name="Facturas_test" file="D:\Program Files\xampp\htdocs\acme\application\tests\controllers\Facturas_test.php" tests="3" assertions="3" errors="0" warnings="0" failures="0" skipped="0" time="0.078837">
        <testcase name="test_index" class="Facturas_test" classname="Facturas_test" file="D:\Program Files\xampp\htdocs\acme\application\tests\controllers\Facturas_test.php" line="13" assertions="1" time="0.042676"/>
        <testcase name="test_modificar" class="Facturas_test" classname="Facturas_test" file="D:\Program Files\xampp\htdocs\acme\application\tests\controllers\Facturas_test.php" line="19" assertions="1" time="0.029267"/>
        <testcase name="test_method_404" class="Facturas_test" classname="Facturas_test" file="D:\Program Files\xampp\htdocs\acme\application\tests\controllers\Facturas_test.php" line="25" assertions="1" time="0.006895"/>
      </testsuite>
      <testsuite name="Historias_clinicas_test" file="D:\Program Files\xampp\htdocs\acme\application\tests\controllers\Historias_clinicas_test.php" tests="3" assertions="3" errors="0" warnings="0" failures="0" skipped="0" time="0.065772">
        <testcase name="test_index" class="Historias_clinicas_test" classname="Historias_clinicas_test" file="D:\Program Files\xampp\htdocs\acme\application\tests\controllers\Historias_clinicas_test.php" line="13" assertions="1" time="0.026189"/>
        <testcase name="test_modificar" class="Historias_clinicas_test" classname="Historias_clinicas_test" file="D:\Program Files\xampp\htdocs\acme\application\tests\controllers\Historias_clinicas_test.php" line="19" assertions="1" time="0.032522"/>
        <testcase name="test_method_404" class="Historias_clinicas_test" classname="Historias_clinicas_test" file="D:\Program Files\xampp\htdocs\acme\application\tests\controllers\Historias_clinicas_test.php" line="25" assertions="1" time="0.007062"/>
      </testsuite>
      <testsuite name="Login_test" file="D:\Program Files\xampp\htdocs\acme\application\tests\controllers\Login_test.php" tests="5" assertions="5" errors="0" warnings="0" failures="0" skipped="0" time="0.058280">
        <testcase name="test_index" class="Login_test" classname="Login_test" file="D:\Program Files\xampp\htdocs\acme\application\tests\controllers\Login_test.php" line="5" assertions="1" time="0.018352"/>
        <testcase name="test_method_404" class="Login_test" classname="Login_test" file="D:\Program Files\xampp\htdocs\acme\application\tests\controllers\Login_test.php" line="11" assertions="1" time="0.018571"/>
        <testcase name="test_log_in_veterinario_method" class="Login_test" classname="Login_test" file="D:\Program Files\xampp\htdocs\acme\application\tests\controllers\Login_test.php" line="17" assertions="1" time="0.011131"/>
        <testcase name="test_log_in_administrador_method" class="Login_test" classname="Login_test" file="D:\Program Files\xampp\htdocs\acme\application\tests\controllers\Login_test.php" line="25" assertions="1" time="0.008161"/>
        <testcase name="test_APPPATH" class="Login_test" classname="Login_test" file="D:\Program Files\xampp\htdocs\acme\application\tests\controllers\Login_test.php" line="33" assertions="1" time="0.002065"/>
      </testsuite>
      <testsuite name="Mascotas_test" file="D:\Program Files\xampp\htdocs\acme\application\tests\controllers\Mascotas_test.php" tests="3" assertions="3" errors="0" warnings="0" failures="0" skipped="0" time="0.129135">
        <testcase name="test_index" class="Mascotas_test" classname="Mascotas_test" file="D:\Program Files\xampp\htdocs\acme\application\tests\controllers\Mascotas_test.php" line="13" assertions="1" time="0.081310"/>
        <testcase name="test_modificar" class="Mascotas_test" classname="Mascotas_test" file="D:\Program Files\xampp\htdocs\acme\application\tests\controllers\Mascotas_test.php" line="19" assertions="1" time="0.040433"/>
        <testcase name="test_method_404" class="Mascotas_test" classname="Mascotas_test" file="D:\Program Files\xampp\htdocs\acme\application\tests\controllers\Mascotas_test.php" line="25" assertions="1" time="0.007392"/>
      </testsuite>
      <testsuite name="Usuarios_test" file="D:\Program Files\xampp\htdocs\acme\application\tests\controllers\Usuarios_test.php" tests="3" assertions="3" errors="0" warnings="0" failures="0" skipped="0" time="0.074962">
        <testcase name="test_index" class="Usuarios_test" classname="Usuarios_test" file="D:\Program Files\xampp\htdocs\acme\application\tests\controllers\Usuarios_test.php" line="13" assertions="1" time="0.033565"/>
        <testcase name="test_modificar" class="Usuarios_test" classname="Usuarios_test" file="D:\Program Files\xampp\htdocs\acme\application\tests\controllers\Usuarios_test.php" line="19" assertions="1" time="0.033566"/>
        <testcase name="test_method_404" class="Usuarios_test" classname="Usuarios_test" file="D:\Program Files\xampp\htdocs\acme\application\tests\controllers\Usuarios_test.php" line="25" assertions="1" time="0.007831"/>
      </testsuite>
      <testsuite name="Veterinarios_test" file="D:\Program Files\xampp\htdocs\acme\application\tests\controllers\Veterinarios_test.php" tests="3" assertions="3" errors="0" warnings="0" failures="0" skipped="0" time="0.062718">
        <testcase name="test_index" class="Veterinarios_test" classname="Veterinarios_test" file="D:\Program Files\xampp\htdocs\acme\application\tests\controllers\Veterinarios_test.php" line="13" assertions="1" time="0.022697"/>
        <testcase name="test_modificar" class="Veterinarios_test" classname="Veterinarios_test" file="D:\Program Files\xampp\htdocs\acme\application\tests\controllers\Veterinarios_test.php" line="19" assertions="1" time="0.033363"/>
        <testcase name="test_method_404" class="Veterinarios_test" classname="Veterinarios_test" file="D:\Program Files\xampp\htdocs\acme\application\tests\controllers\Veterinarios_test.php" line="25" assertions="1" time="0.006658"/>
      </testsuite>
      <testsuite name="Cliente_model_test" file="D:\Program Files\xampp\htdocs\acme\application\tests\models\Cliente_model_test.php" tests="4" assertions="8" errors="0" warnings="0" failures="0" skipped="0" time="0.065726">
        <testcase name="test_get_fields" class="Cliente_model_test" classname="Cliente_model_test" file="D:\Program Files\xampp\htdocs\acme\application\tests\models\Cliente_model_test.php" line="12" assertions="1" time="0.033301"/>
        <testcase name="test_get" class="Cliente_model_test" classname="Cliente_model_test" file="D:\Program Files\xampp\htdocs\acme\application\tests\models\Cliente_model_test.php" line="19" assertions="5" time="0.006670"/>
        <testcase name="test_get_by_id" class="Cliente_model_test" classname="Cliente_model_test" file="D:\Program Files\xampp\htdocs\acme\application\tests\models\Cliente_model_test.php" line="28" assertions="1" time="0.017101"/>
        <testcase name="test_get_not_existent_by_id" class="Cliente_model_test" classname="Cliente_model_test" file="D:\Program Files\xampp\htdocs\acme\application\tests\models\Cliente_model_test.php" line="35" assertions="1" time="0.008654"/>
      </testsuite>
      <testsuite name="Factura_model_test" file="D:\Program Files\xampp\htdocs\acme\application\tests\models\Factura_model_test.php" tests="4" assertions="4" errors="0" warnings="0" failures="0" skipped="0" time="0.077159">
        <testcase name="test_get_fields" class="Factura_model_test" classname="Factura_model_test" file="D:\Program Files\xampp\htdocs\acme\application\tests\models\Factura_model_test.php" line="12" assertions="1" time="0.034299"/>
        <testcase name="test_get" class="Factura_model_test" classname="Factura_model_test" file="D:\Program Files\xampp\htdocs\acme\application\tests\models\Factura_model_test.php" line="19" assertions="1" time="0.017795"/>
        <testcase name="test_get_by_id" class="Factura_model_test" classname="Factura_model_test" file="D:\Program Files\xampp\htdocs\acme\application\tests\models\Factura_model_test.php" line="28" assertions="1" time="0.006952"/>
        <testcase name="test_get_not_existent_by_id" class="Factura_model_test" classname="Factura_model_test" file="D:\Program Files\xampp\htdocs\acme\application\tests\models\Factura_model_test.php" line="35" assertions="1" time="0.018114"/>
      </testsuite>
      <testsuite name="Historia_clinica_model_test" file="D:\Program Files\xampp\htdocs\acme\application\tests\models\Historia_clinica_model_test.php" tests="4" assertions="5" errors="0" warnings="0" failures="0" skipped="0" time="0.095780">
        <testcase name="test_get_fields" class="Historia_clinica_model_test" classname="Historia_clinica_model_test" file="D:\Program Files\xampp\htdocs\acme\application\tests\models\Historia_clinica_model_test.php" line="12" assertions="1" time="0.075186"/>
        <testcase name="test_get" class="Historia_clinica_model_test" classname="Historia_clinica_model_test" file="D:\Program Files\xampp\htdocs\acme\application\tests\models\Historia_clinica_model_test.php" line="19" assertions="2" time="0.007282"/>
        <testcase name="test_get_by_id" class="Historia_clinica_model_test" classname="Historia_clinica_model_test" file="D:\Program Files\xampp\htdocs\acme\application\tests\models\Historia_clinica_model_test.php" line="28" assertions="1" time="0.006679"/>
        <testcase name="test_get_not_existent_by_id" class="Historia_clinica_model_test" classname="Historia_clinica_model_test" file="D:\Program Files\xampp\htdocs\acme\application\tests\models\Historia_clinica_model_test.php" line="35" assertions="1" time="0.006633"/>
      </testsuite>
      <testsuite name="Mascota_model_test" file="D:\Program Files\xampp\htdocs\acme\application\tests\models\Macota_model_test.php" tests="4" assertions="8" errors="0" warnings="0" failures="0" skipped="0" time="0.052307">
        <testcase name="test_get_fields" class="Mascota_model_test" classname="Mascota_model_test" file="D:\Program Files\xampp\htdocs\acme\application\tests\models\Macota_model_test.php" line="12" assertions="1" time="0.020470"/>
        <testcase name="test_get" class="Mascota_model_test" classname="Mascota_model_test" file="D:\Program Files\xampp\htdocs\acme\application\tests\models\Macota_model_test.php" line="19" assertions="5" time="0.007021"/>
        <testcase name="test_get_by_id" class="Mascota_model_test" classname="Mascota_model_test" file="D:\Program Files\xampp\htdocs\acme\application\tests\models\Macota_model_test.php" line="28" assertions="1" time="0.007670"/>
        <testcase name="test_get_not_existent_by_id" class="Mascota_model_test" classname="Mascota_model_test" file="D:\Program Files\xampp\htdocs\acme\application\tests\models\Macota_model_test.php" line="35" assertions="1" time="0.017146"/>
      </testsuite>
      <testsuite name="Usuario_model_test" file="D:\Program Files\xampp\htdocs\acme\application\tests\models\Usuario_model_test.php" tests="5" assertions="11" errors="0" warnings="0" failures="0" skipped="0" time="0.079099">
        <testcase name="test_get_fields" class="Usuario_model_test" classname="Usuario_model_test" file="D:\Program Files\xampp\htdocs\acme\application\tests\models\Usuario_model_test.php" line="12" assertions="1" time="0.020706"/>
        <testcase name="test_get" class="Usuario_model_test" classname="Usuario_model_test" file="D:\Program Files\xampp\htdocs\acme\application\tests\models\Usuario_model_test.php" line="19" assertions="5" time="0.006835"/>
        <testcase name="test_get_by_id" class="Usuario_model_test" classname="Usuario_model_test" file="D:\Program Files\xampp\htdocs\acme\application\tests\models\Usuario_model_test.php" line="28" assertions="1" time="0.017526"/>
        <testcase name="test_get_not_existent_by_id" class="Usuario_model_test" classname="Usuario_model_test" file="D:\Program Files\xampp\htdocs\acme\application\tests\models\Usuario_model_test.php" line="35" assertions="1" time="0.018118"/>
        <testcase name="test_get_veterinarios" class="Usuario_model_test" classname="Usuario_model_test" file="D:\Program Files\xampp\htdocs\acme\application\tests\models\Usuario_model_test.php" line="41" assertions="3" time="0.015914"/>
      </testsuite>
      <testsuite name="Veterinario_model_test" file="D:\Program Files\xampp\htdocs\acme\application\tests\models\Veterinario_model_test.php" tests="5" assertions="7" errors="0" warnings="0" failures="0" skipped="0" time="0.089753">
        <testcase name="test_get_fields" class="Veterinario_model_test" classname="Veterinario_model_test" file="D:\Program Files\xampp\htdocs\acme\application\tests\models\Veterinario_model_test.php" line="12" assertions="1" time="0.033949"/>
        <testcase name="test_get" class="Veterinario_model_test" classname="Veterinario_model_test" file="D:\Program Files\xampp\htdocs\acme\application\tests\models\Veterinario_model_test.php" line="19" assertions="3" time="0.016145"/>
        <testcase name="test_get_by_id" class="Veterinario_model_test" classname="Veterinario_model_test" file="D:\Program Files\xampp\htdocs\acme\application\tests\models\Veterinario_model_test.php" line="28" assertions="1" time="0.016472"/>
        <testcase name="test_get_not_existent_by_id" class="Veterinario_model_test" classname="Veterinario_model_test" file="D:\Program Files\xampp\htdocs\acme\application\tests\models\Veterinario_model_test.php" line="35" assertions="1" time="0.016659"/>
        <testcase name="test_get_veterinario_desde_usuario" class="Veterinario_model_test" classname="Veterinario_model_test" file="D:\Program Files\xampp\htdocs\acme\application\tests\models\Veterinario_model_test.php" line="41" assertions="1" time="0.006528"/>
      </testsuite>
    </testsuite>
  </testsuite>
</testsuites>
