<?xml version="1.0" encoding="UTF-8"?>
<testsuites>
  <testsuite name="" tests="51" assertions="66" errors="0" warnings="0" failures="0" skipped="0" time="1.094663">
    <testsuite name="CodeIgniter Application Test Suite" tests="51" assertions="66" errors="0" warnings="0" failures="0" skipped="0" time="1.094663">
      <testsuite name="Administrador_test" file="D:\Program Files\xampp\htdocs\acme\application\tests\controllers\Administrador_test.php" tests="3" assertions="3" errors="0" warnings="0" failures="0" skipped="0" time="0.040187">
        <testcase name="test_index" class="Administrador_test" classname="Administrador_test" file="D:\Program Files\xampp\htdocs\acme\application\tests\controllers\Administrador_test.php" line="13" assertions="1" time="0.023781"/>
        <testcase name="test_method_404" class="Administrador_test" classname="Administrador_test" file="D:\Program Files\xampp\htdocs\acme\application\tests\controllers\Administrador_test.php" line="19" assertions="1" time="0.008336"/>
        <testcase name="test_login_check_administrador" class="Administrador_test" classname="Administrador_test" file="D:\Program Files\xampp\htdocs\acme\application\tests\controllers\Administrador_test.php" line="25" assertions="1" time="0.008070"/>
      </testsuite>
      <testsuite name="Clientes_test" file="D:\Program Files\xampp\htdocs\acme\application\tests\controllers\Clientes_test.php" tests="3" assertions="3" errors="0" warnings="0" failures="0" skipped="0" time="0.103435">
        <testcase name="test_index" class="Clientes_test" classname="Clientes_test" file="D:\Program Files\xampp\htdocs\acme\application\tests\controllers\Clientes_test.php" line="13" assertions="1" time="0.055823"/>
        <testcase name="test_modificar" class="Clientes_test" classname="Clientes_test" file="D:\Program Files\xampp\htdocs\acme\application\tests\controllers\Clientes_test.php" line="19" assertions="1" time="0.040455"/>
        <testcase name="test_method_404" class="Clientes_test" classname="Clientes_test" file="D:\Program Files\xampp\htdocs\acme\application\tests\controllers\Clientes_test.php" line="25" assertions="1" time="0.007156"/>
      </testsuite>
      <testsuite name="Facturas_test" file="D:\Program Files\xampp\htdocs\acme\application\tests\controllers\Facturas_test.php" tests="3" assertions="3" errors="0" warnings="0" failures="0" skipped="0" time="0.080528">
        <testcase name="test_index" class="Facturas_test" classname="Facturas_test" file="D:\Program Files\xampp\htdocs\acme\application\tests\controllers\Facturas_test.php" line="13" assertions="1" time="0.025933"/>
        <testcase name="test_modificar" class="Facturas_test" classname="Facturas_test" file="D:\Program Files\xampp\htdocs\acme\application\tests\controllers\Facturas_test.php" line="19" assertions="1" time="0.037659"/>
        <testcase name="test_method_404" class="Facturas_test" classname="Facturas_test" file="D:\Program Files\xampp\htdocs\acme\application\tests\controllers\Facturas_test.php" line="25" assertions="1" time="0.016937"/>
      </testsuite>
      <testsuite name="Historias_clinicas_test" file="D:\Program Files\xampp\htdocs\acme\application\tests\controllers\Historias_clinicas_test.php" tests="3" assertions="3" errors="0" warnings="0" failures="0" skipped="0" time="0.092664">
        <testcase name="test_index" class="Historias_clinicas_test" classname="Historias_clinicas_test" file="D:\Program Files\xampp\htdocs\acme\application\tests\controllers\Historias_clinicas_test.php" line="13" assertions="1" time="0.040942"/>
        <testcase name="test_modificar" class="Historias_clinicas_test" classname="Historias_clinicas_test" file="D:\Program Files\xampp\htdocs\acme\application\tests\controllers\Historias_clinicas_test.php" line="19" assertions="1" time="0.035536"/>
        <testcase name="test_method_404" class="Historias_clinicas_test" classname="Historias_clinicas_test" file="D:\Program Files\xampp\htdocs\acme\application\tests\controllers\Historias_clinicas_test.php" line="25" assertions="1" time="0.016186"/>
      </testsuite>
      <testsuite name="Login_test" file="D:\Program Files\xampp\htdocs\acme\application\tests\controllers\Login_test.php" tests="5" assertions="5" errors="0" warnings="0" failures="0" skipped="0" time="0.071143">
        <testcase name="test_index" class="Login_test" classname="Login_test" file="D:\Program Files\xampp\htdocs\acme\application\tests\controllers\Login_test.php" line="5" assertions="1" time="0.017688"/>
        <testcase name="test_method_404" class="Login_test" classname="Login_test" file="D:\Program Files\xampp\htdocs\acme\application\tests\controllers\Login_test.php" line="11" assertions="1" time="0.007866"/>
        <testcase name="test_log_in_veterinario_method" class="Login_test" classname="Login_test" file="D:\Program Files\xampp\htdocs\acme\application\tests\controllers\Login_test.php" line="17" assertions="1" time="0.026212"/>
        <testcase name="test_log_in_administrador_method" class="Login_test" classname="Login_test" file="D:\Program Files\xampp\htdocs\acme\application\tests\controllers\Login_test.php" line="25" assertions="1" time="0.017283"/>
        <testcase name="test_APPPATH" class="Login_test" classname="Login_test" file="D:\Program Files\xampp\htdocs\acme\application\tests\controllers\Login_test.php" line="33" assertions="1" time="0.002093"/>
      </testsuite>
      <testsuite name="Mascotas_test" file="D:\Program Files\xampp\htdocs\acme\application\tests\controllers\Mascotas_test.php" tests="3" assertions="3" errors="0" warnings="0" failures="0" skipped="0" time="0.091690">
        <testcase name="test_index" class="Mascotas_test" classname="Mascotas_test" file="D:\Program Files\xampp\htdocs\acme\application\tests\controllers\Mascotas_test.php" line="13" assertions="1" time="0.040765"/>
        <testcase name="test_modificar" class="Mascotas_test" classname="Mascotas_test" file="D:\Program Files\xampp\htdocs\acme\application\tests\controllers\Mascotas_test.php" line="19" assertions="1" time="0.034557"/>
        <testcase name="test_method_404" class="Mascotas_test" classname="Mascotas_test" file="D:\Program Files\xampp\htdocs\acme\application\tests\controllers\Mascotas_test.php" line="25" assertions="1" time="0.016368"/>
      </testsuite>
      <testsuite name="Usuarios_test" file="D:\Program Files\xampp\htdocs\acme\application\tests\controllers\Usuarios_test.php" tests="3" assertions="3" errors="0" warnings="0" failures="0" skipped="0" time="0.079390">
        <testcase name="test_index" class="Usuarios_test" classname="Usuarios_test" file="D:\Program Files\xampp\htdocs\acme\application\tests\controllers\Usuarios_test.php" line="13" assertions="1" time="0.042425"/>
        <testcase name="test_modificar" class="Usuarios_test" classname="Usuarios_test" file="D:\Program Files\xampp\htdocs\acme\application\tests\controllers\Usuarios_test.php" line="19" assertions="1" time="0.028770"/>
        <testcase name="test_method_404" class="Usuarios_test" classname="Usuarios_test" file="D:\Program Files\xampp\htdocs\acme\application\tests\controllers\Usuarios_test.php" line="25" assertions="1" time="0.008195"/>
      </testsuite>
      <testsuite name="Veterinarios_test" file="D:\Program Files\xampp\htdocs\acme\application\tests\controllers\Veterinarios_test.php" tests="3" assertions="3" errors="0" warnings="0" failures="0" skipped="0" time="0.090505">
        <testcase name="test_index" class="Veterinarios_test" classname="Veterinarios_test" file="D:\Program Files\xampp\htdocs\acme\application\tests\controllers\Veterinarios_test.php" line="13" assertions="1" time="0.035986"/>
        <testcase name="test_modificar" class="Veterinarios_test" classname="Veterinarios_test" file="D:\Program Files\xampp\htdocs\acme\application\tests\controllers\Veterinarios_test.php" line="19" assertions="1" time="0.047065"/>
        <testcase name="test_method_404" class="Veterinarios_test" classname="Veterinarios_test" file="D:\Program Files\xampp\htdocs\acme\application\tests\controllers\Veterinarios_test.php" line="25" assertions="1" time="0.007453"/>
      </testsuite>
      <testsuite name="Cliente_model_test" file="D:\Program Files\xampp\htdocs\acme\application\tests\models\Cliente_model_test.php" tests="4" assertions="8" errors="0" warnings="0" failures="0" skipped="0" time="0.083536">
        <testcase name="test_get_fields" class="Cliente_model_test" classname="Cliente_model_test" file="D:\Program Files\xampp\htdocs\acme\application\tests\models\Cliente_model_test.php" line="12" assertions="1" time="0.032730"/>
        <testcase name="test_get" class="Cliente_model_test" classname="Cliente_model_test" file="D:\Program Files\xampp\htdocs\acme\application\tests\models\Cliente_model_test.php" line="19" assertions="5" time="0.016383"/>
        <testcase name="test_get_by_id" class="Cliente_model_test" classname="Cliente_model_test" file="D:\Program Files\xampp\htdocs\acme\application\tests\models\Cliente_model_test.php" line="28" assertions="1" time="0.017107"/>
        <testcase name="test_get_not_existent_by_id" class="Cliente_model_test" classname="Cliente_model_test" file="D:\Program Files\xampp\htdocs\acme\application\tests\models\Cliente_model_test.php" line="35" assertions="1" time="0.017316"/>
      </testsuite>
      <testsuite name="Factura_model_test" file="D:\Program Files\xampp\htdocs\acme\application\tests\models\Factura_model_test.php" tests="4" assertions="4" errors="0" warnings="0" failures="0" skipped="0" time="0.079192">
        <testcase name="test_get_fields" class="Factura_model_test" classname="Factura_model_test" file="D:\Program Files\xampp\htdocs\acme\application\tests\models\Factura_model_test.php" line="12" assertions="1" time="0.047260"/>
        <testcase name="test_get" class="Factura_model_test" classname="Factura_model_test" file="D:\Program Files\xampp\htdocs\acme\application\tests\models\Factura_model_test.php" line="19" assertions="1" time="0.007122"/>
        <testcase name="test_get_by_id" class="Factura_model_test" classname="Factura_model_test" file="D:\Program Files\xampp\htdocs\acme\application\tests\models\Factura_model_test.php" line="28" assertions="1" time="0.008639"/>
        <testcase name="test_get_not_existent_by_id" class="Factura_model_test" classname="Factura_model_test" file="D:\Program Files\xampp\htdocs\acme\application\tests\models\Factura_model_test.php" line="35" assertions="1" time="0.016171"/>
      </testsuite>
      <testsuite name="Historia_clinica_model_test" file="D:\Program Files\xampp\htdocs\acme\application\tests\models\Historia_clinica_model_test.php" tests="4" assertions="5" errors="0" warnings="0" failures="0" skipped="0" time="0.062852">
        <testcase name="test_get_fields" class="Historia_clinica_model_test" classname="Historia_clinica_model_test" file="D:\Program Files\xampp\htdocs\acme\application\tests\models\Historia_clinica_model_test.php" line="12" assertions="1" time="0.032277"/>
        <testcase name="test_get" class="Historia_clinica_model_test" classname="Historia_clinica_model_test" file="D:\Program Files\xampp\htdocs\acme\application\tests\models\Historia_clinica_model_test.php" line="19" assertions="2" time="0.016173"/>
        <testcase name="test_get_by_id" class="Historia_clinica_model_test" classname="Historia_clinica_model_test" file="D:\Program Files\xampp\htdocs\acme\application\tests\models\Historia_clinica_model_test.php" line="28" assertions="1" time="0.007000"/>
        <testcase name="test_get_not_existent_by_id" class="Historia_clinica_model_test" classname="Historia_clinica_model_test" file="D:\Program Files\xampp\htdocs\acme\application\tests\models\Historia_clinica_model_test.php" line="35" assertions="1" time="0.007402"/>
      </testsuite>
      <testsuite name="Mascota_model_test" file="D:\Program Files\xampp\htdocs\acme\application\tests\models\Macota_model_test.php" tests="4" assertions="8" errors="0" warnings="0" failures="0" skipped="0" time="0.074802">
        <testcase name="test_get_fields" class="Mascota_model_test" classname="Mascota_model_test" file="D:\Program Files\xampp\htdocs\acme\application\tests\models\Macota_model_test.php" line="12" assertions="1" time="0.033467"/>
        <testcase name="test_get" class="Mascota_model_test" classname="Mascota_model_test" file="D:\Program Files\xampp\htdocs\acme\application\tests\models\Macota_model_test.php" line="19" assertions="5" time="0.018229"/>
        <testcase name="test_get_by_id" class="Mascota_model_test" classname="Mascota_model_test" file="D:\Program Files\xampp\htdocs\acme\application\tests\models\Macota_model_test.php" line="28" assertions="1" time="0.006855"/>
        <testcase name="test_get_not_existent_by_id" class="Mascota_model_test" classname="Mascota_model_test" file="D:\Program Files\xampp\htdocs\acme\application\tests\models\Macota_model_test.php" line="35" assertions="1" time="0.016251"/>
      </testsuite>
      <testsuite name="Usuario_model_test" file="D:\Program Files\xampp\htdocs\acme\application\tests\models\Usuario_model_test.php" tests="4" assertions="8" errors="0" warnings="0" failures="0" skipped="0" time="0.072078">
        <testcase name="test_get_fields" class="Usuario_model_test" classname="Usuario_model_test" file="D:\Program Files\xampp\htdocs\acme\application\tests\models\Usuario_model_test.php" line="12" assertions="1" time="0.030599"/>
        <testcase name="test_get" class="Usuario_model_test" classname="Usuario_model_test" file="D:\Program Files\xampp\htdocs\acme\application\tests\models\Usuario_model_test.php" line="19" assertions="5" time="0.007254"/>
        <testcase name="test_get_by_id" class="Usuario_model_test" classname="Usuario_model_test" file="D:\Program Files\xampp\htdocs\acme\application\tests\models\Usuario_model_test.php" line="28" assertions="1" time="0.016740"/>
        <testcase name="test_get_not_existent_by_id" class="Usuario_model_test" classname="Usuario_model_test" file="D:\Program Files\xampp\htdocs\acme\application\tests\models\Usuario_model_test.php" line="35" assertions="1" time="0.017486"/>
      </testsuite>
      <testsuite name="Veterinario_model_test" file="D:\Program Files\xampp\htdocs\acme\application\tests\models\Veterinario_model_test.php" tests="5" assertions="7" errors="0" warnings="0" failures="0" skipped="0" time="0.072662">
        <testcase name="test_get_fields" class="Veterinario_model_test" classname="Veterinario_model_test" file="D:\Program Files\xampp\htdocs\acme\application\tests\models\Veterinario_model_test.php" line="12" assertions="1" time="0.033682"/>
        <testcase name="test_get" class="Veterinario_model_test" classname="Veterinario_model_test" file="D:\Program Files\xampp\htdocs\acme\application\tests\models\Veterinario_model_test.php" line="19" assertions="3" time="0.007537"/>
        <testcase name="test_get_by_id" class="Veterinario_model_test" classname="Veterinario_model_test" file="D:\Program Files\xampp\htdocs\acme\application\tests\models\Veterinario_model_test.php" line="28" assertions="1" time="0.007238"/>
        <testcase name="test_get_not_existent_by_id" class="Veterinario_model_test" classname="Veterinario_model_test" file="D:\Program Files\xampp\htdocs\acme\application\tests\models\Veterinario_model_test.php" line="35" assertions="1" time="0.017345"/>
        <testcase name="test_get_veterinario_desde_usuario" class="Veterinario_model_test" classname="Veterinario_model_test" file="D:\Program Files\xampp\htdocs\acme\application\tests\models\Veterinario_model_test.php" line="41" assertions="1" time="0.006861"/>
      </testsuite>
    </testsuite>
  </testsuite>
</testsuites>
